#1 [internal] load local bake definitions
#1 reading from stdin 719B done
#1 DONE 0.0s

#2 [internal] load build definition from Dockerfile
#2 transferring dockerfile: 1.27kB done
#2 DONE 0.0s

#3 [internal] load metadata for docker.io/library/node:20.19.0-alpine
#3 DONE 0.0s

#4 [auth] library/nginx:pull token for registry-1.docker.io
#4 DONE 0.0s

#5 [internal] load metadata for docker.io/library/nginx:stable-alpine
#5 DONE 1.5s

#6 [internal] load .dockerignore
#6 transferring context: 2B done
#6 DONE 0.0s

#7 [builder 1/9] FROM docker.io/library/node:20.19.0-alpine@sha256:8bda036ddd59ea51a23bc1a1035d3b5c614e72c01366d989f4120e8adca196d4
#7 resolve docker.io/library/node:20.19.0-alpine@sha256:8bda036ddd59ea51a23bc1a1035d3b5c614e72c01366d989f4120e8adca196d4 0.0s done
#7 DONE 0.0s

#8 [builder 2/9] WORKDIR /app
#8 CACHED

#9 [stage-1 1/5] FROM docker.io/library/nginx:stable-alpine@sha256:30f1c0d78e0ad60901648be663a710bdadf19e4c10ac6782c235200619158284
#9 resolve docker.io/library/nginx:stable-alpine@sha256:30f1c0d78e0ad60901648be663a710bdadf19e4c10ac6782c235200619158284 0.0s done
#9 CACHED

#10 [internal] load build context
#10 ...

#11 [stage-1 2/5] RUN rm -rf /usr/share/nginx/html/*
#11 DONE 0.1s

#10 [internal] load build context
#10 transferring context: 1.90MB 0.8s done
#10 DONE 0.8s

#12 [builder 3/9] COPY package*.json ./
#12 DONE 0.0s

#13 [builder 4/9] RUN npm ci
#13 1.188 npm warn deprecated rimraf@3.0.2: Rimraf versions prior to v4 are no longer supported
#13 1.740 npm warn deprecated inflight@1.0.6: This module is not supported, and leaks memory. Do not use it. Check out lru-cache if you want a good and tested way to coalesce async requests by a key value, which is much more comprehensive and powerful.
#13 1.849 npm warn deprecated glob@7.2.3: Glob versions prior to v9 are no longer supported
#13 7.690 
#13 7.690 added 602 packages, and audited 603 packages in 8s
#13 7.690 
#13 7.690 107 packages are looking for funding
#13 7.690   run `npm fund` for details
#13 7.731 
#13 7.731 9 high severity vulnerabilities
#13 7.731 
#13 7.731 To address all issues, run:
#13 7.731   npm audit fix
#13 7.731 
#13 7.731 Run `npm audit` for details.
#13 7.731 npm notice
#13 7.731 npm notice New major version of npm available! 10.8.2 -> 11.7.0
#13 7.731 npm notice Changelog: https://github.com/npm/cli/releases/tag/v11.7.0
#13 7.731 npm notice To update run: npm install -g npm@11.7.0
#13 7.731 npm notice
#13 DONE 8.0s

#14 [builder 5/9] COPY . .
#14 DONE 1.6s

#15 [builder 6/9] RUN npm run build -- --configuration production
#15 0.174 
#15 0.174 > reloj-checador-app@0.0.0 build
#15 0.174 > ng build --configuration production
#15 0.174 
#15 0.421 ❯ Building...
#15 5.105 ✔ Building...
#15 5.106 Initial chunk files   | Names                |  Raw size | Estimated transfer size
#15 5.106 chunk-J6WTSFKG.js     | -                    | 285.95 kB |                77.90 kB
#15 5.106 polyfills-5CFQRCPP.js | polyfills            |  34.59 kB |                11.33 kB
#15 5.106 styles-OESPXYAX.css   | styles               |  23.52 kB |                 4.02 kB
#15 5.106 main-V3NFMKDK.js      | main                 |   1.43 kB |               685 bytes
#15 5.106 
#15 5.106                       | Initial total        | 345.48 kB |                93.94 kB
#15 5.106 
#15 5.106 Lazy chunk files      | Names                |  Raw size | Estimated transfer size
#15 5.106 chunk-JLKBND3H.js     | admin-routing-module | 567.34 kB |               116.35 kB
#15 5.106 chunk-E7WI56P5.js     | -                    | 234.96 kB |                43.54 kB
#15 5.106 chunk-ZNJBJQ44.js     | -                    |  76.84 kB |                13.53 kB
#15 5.106 chunk-YAPOODQ5.js     | -                    |  75.24 kB |                13.47 kB
#15 5.106 chunk-V7ATI2XO.js     | auth-routing-module  |   2.49 kB |                 1.14 kB
#15 5.106 chunk-2HZZYV7X.js     | user-routing-module  | 220 bytes |               220 bytes
#15 5.106 
#15 5.106 Application bundle generation complete. [4.683 seconds] - 2025-12-18T22:45:14.747Z
#15 5.106 
#15 5.107 ▲ [WARNING] Module 'moment' used by 'src/app/features/admin/components/dashboard/search-download-form/search-download-form.ts' is not ESM
#15 5.107 
#15 5.107   CommonJS or AMD dependencies can cause optimization bailouts.
#15 5.107   For more information see: https://angular.dev/tools/cli/build#configuring-commonjs-dependencies
#15 5.107 
#15 5.107 
#15 5.107 ▲ [WARNING] Module 'leaflet' used by 'src/app/features/shared/components/mapa/mapa.ts' is not ESM
#15 5.107 
#15 5.107   CommonJS or AMD dependencies can cause optimization bailouts.
#15 5.107   For more information see: https://angular.dev/tools/cli/build#configuring-commonjs-dependencies
#15 5.107 
#15 5.107 
#15 5.107 ▲ [WARNING] Module 'moment/locale/es-mx' used by 'src/app/shared/components/generic-date-range/generic-date-range.ts' is not ESM
#15 5.107 
#15 5.107   CommonJS or AMD dependencies can cause optimization bailouts.
#15 5.107   For more information see: https://angular.dev/tools/cli/build#configuring-commonjs-dependencies
#15 5.107 
#15 5.107 
#15 5.110 Output location: /app/dist/RelojChecadorApp
#15 5.110 
#15 DONE 5.2s

#16 [builder 7/9] RUN ls -lah dist/ || echo "dist directory not found"
#16 0.129 total 16K    
#16 0.129 drwxr-xr-x    3 root     root        4.0K Dec 18 22:45 .
#16 0.129 drwxr-xr-x    1 root     root        4.0K Dec 18 22:45 ..
#16 0.129 drwxr-xr-x    3 root     root        4.0K Dec 18 22:45 RelojChecadorApp
#16 DONE 0.1s

#17 [builder 8/9] RUN ls -lah dist/RelojChecadorApp/ || echo "dist/RelojChecadorApp not found, listing dist contents:"
#17 0.151 total 44K    
#17 0.151 drwxr-xr-x    3 root     root        4.0K Dec 18 22:45 .
#17 0.151 drwxr-xr-x    3 root     root        4.0K Dec 18 22:45 ..
#17 0.151 -rw-r--r--    1 root     root       26.3K Dec 18 22:45 3rdpartylicenses.txt
#17 0.151 drwxr-xr-x    3 root     root        4.0K Dec 18 22:45 browser
#17 0.151 -rw-r--r--    1 root     root          18 Dec 18 22:45 prerendered-routes.json
#17 DONE 0.2s

#18 [builder 9/9] RUN find dist -type f -name "*.html" | head -20 || echo "No HTML files found in dist"
#18 0.140 dist/RelojChecadorApp/browser/index.html
#18 DONE 0.1s

#19 [stage-1 3/5] COPY --from=builder /app/dist/RelojChecadorApp /usr/share/nginx/html
#19 DONE 0.0s

#20 [stage-1 4/5] RUN chmod -R 755 /usr/share/nginx/html &&     chown -R nginx:nginx /usr/share/nginx/html
#20 DONE 0.1s

#21 [stage-1 5/5] COPY nginx.conf /etc/nginx/conf.d/default.conf
#21 DONE 0.0s

#22 exporting to image
#22 exporting layers 0.0s done
#22 exporting manifest sha256:011ecde8461346bc1b9a9d93550b6303e9e7f08d59988d2814e4df8a584c3948 done
#22 exporting config sha256:f529949cb596b72d826916035fa8740a2f0d1d41e7dd7b65f3c4734f058d4121 done
#22 exporting attestation manifest sha256:f7497d8056e1f455176915e2b961a5aec106b03b00c1addf10173b3c14ee5977 done
#22 exporting manifest list sha256:c56ba6767ae7c351f01c1ec04a5ed0cf3b39028fee9dfb0a0cf591623eb386e3 done
#22 naming to docker.io/library/relojchecadorfront-frontend:latest done
#22 unpacking to docker.io/library/relojchecadorfront-frontend:latest 0.0s done
#22 DONE 0.1s

#23 resolving provenance for metadata file
#23 DONE 0.0s
 relojchecadorfront-frontend  Built
